Determining if the Q_WS_WIN exist failed with the following output:
Change Dir: /home/thomio/codes/pcl/02_tutorial/build/CMakeFiles/CMakeTmp

Run Build Command:/usr/bin/make "cmTryCompileExec2498471424/fast"
/usr/bin/make -f CMakeFiles/cmTryCompileExec2498471424.dir/build.make CMakeFiles/cmTryCompileExec2498471424.dir/build
make[1]: Entering directory `/home/thomio/codes/pcl/02_tutorial/build/CMakeFiles/CMakeTmp'
/usr/bin/cmake -E cmake_progress_report /home/thomio/codes/pcl/02_tutorial/build/CMakeFiles/CMakeTmp/CMakeFiles 1
Building CXX object CMakeFiles/cmTryCompileExec2498471424.dir/CheckSymbolExists.cxx.o
/usr/bin/c++    -I/usr/include/qt4    -o CMakeFiles/cmTryCompileExec2498471424.dir/CheckSymbolExists.cxx.o -c /home/thomio/codes/pcl/02_tutorial/build/CMakeFiles/CMakeTmp/CheckSymbolExists.cxx
/home/thomio/codes/pcl/02_tutorial/build/CMakeFiles/CMakeTmp/CheckSymbolExists.cxx: In function ‘int main(int, char**)’:
/home/thomio/codes/pcl/02_tutorial/build/CMakeFiles/CMakeTmp/CheckSymbolExists.cxx:8:19: error: ‘Q_WS_WIN’ was not declared in this scope
   return ((int*)(&Q_WS_WIN))[argc];
                   ^
make[1]: Leaving directory `/home/thomio/codes/pcl/02_tutorial/build/CMakeFiles/CMakeTmp'
make[1]: *** [CMakeFiles/cmTryCompileExec2498471424.dir/CheckSymbolExists.cxx.o] Error 1
make: *** [cmTryCompileExec2498471424/fast] Error 2

File /home/thomio/codes/pcl/02_tutorial/build/CMakeFiles/CMakeTmp/CheckSymbolExists.cxx:
/* */
#include <QtCore/qglobal.h>

int main(int argc, char** argv)
{
  (void)argv;
#ifndef Q_WS_WIN
  return ((int*)(&Q_WS_WIN))[argc];
#else
  (void)argc;
  return 0;
#endif
}

Determining if the Q_WS_QWS exist failed with the following output:
Change Dir: /home/thomio/codes/pcl/02_tutorial/build/CMakeFiles/CMakeTmp

Run Build Command:/usr/bin/make "cmTryCompileExec327710356/fast"
/usr/bin/make -f CMakeFiles/cmTryCompileExec327710356.dir/build.make CMakeFiles/cmTryCompileExec327710356.dir/build
make[1]: Entering directory `/home/thomio/codes/pcl/02_tutorial/build/CMakeFiles/CMakeTmp'
/usr/bin/cmake -E cmake_progress_report /home/thomio/codes/pcl/02_tutorial/build/CMakeFiles/CMakeTmp/CMakeFiles 1
Building CXX object CMakeFiles/cmTryCompileExec327710356.dir/CheckSymbolExists.cxx.o
/usr/bin/c++    -I/usr/include/qt4    -o CMakeFiles/cmTryCompileExec327710356.dir/CheckSymbolExists.cxx.o -c /home/thomio/codes/pcl/02_tutorial/build/CMakeFiles/CMakeTmp/CheckSymbolExists.cxx
/home/thomio/codes/pcl/02_tutorial/build/CMakeFiles/CMakeTmp/CheckSymbolExists.cxx: In function ‘int main(int, char**)’:
/home/thomio/codes/pcl/02_tutorial/build/CMakeFiles/CMakeTmp/CheckSymbolExists.cxx:8:19: error: ‘Q_WS_QWS’ was not declared in this scope
   return ((int*)(&Q_WS_QWS))[argc];
                   ^
make[1]: *** [CMakeFiles/cmTryCompileExec327710356.dir/CheckSymbolExists.cxx.o] Error 1
make[1]: Leaving directory `/home/thomio/codes/pcl/02_tutorial/build/CMakeFiles/CMakeTmp'
make: *** [cmTryCompileExec327710356/fast] Error 2

File /home/thomio/codes/pcl/02_tutorial/build/CMakeFiles/CMakeTmp/CheckSymbolExists.cxx:
/* */
#include <QtCore/qglobal.h>

int main(int argc, char** argv)
{
  (void)argv;
#ifndef Q_WS_QWS
  return ((int*)(&Q_WS_QWS))[argc];
#else
  (void)argc;
  return 0;
#endif
}

Determining if the Q_WS_MAC exist failed with the following output:
Change Dir: /home/thomio/codes/pcl/02_tutorial/build/CMakeFiles/CMakeTmp

Run Build Command:/usr/bin/make "cmTryCompileExec2091452091/fast"
/usr/bin/make -f CMakeFiles/cmTryCompileExec2091452091.dir/build.make CMakeFiles/cmTryCompileExec2091452091.dir/build
make[1]: Entering directory `/home/thomio/codes/pcl/02_tutorial/build/CMakeFiles/CMakeTmp'
/usr/bin/cmake -E cmake_progress_report /home/thomio/codes/pcl/02_tutorial/build/CMakeFiles/CMakeTmp/CMakeFiles 1
Building CXX object CMakeFiles/cmTryCompileExec2091452091.dir/CheckSymbolExists.cxx.o
/usr/bin/c++    -I/usr/include/qt4    -o CMakeFiles/cmTryCompileExec2091452091.dir/CheckSymbolExists.cxx.o -c /home/thomio/codes/pcl/02_tutorial/build/CMakeFiles/CMakeTmp/CheckSymbolExists.cxx
/home/thomio/codes/pcl/02_tutorial/build/CMakeFiles/CMakeTmp/CheckSymbolExists.cxx: In function ‘int main(int, char**)’:
/home/thomio/codes/pcl/02_tutorial/build/CMakeFiles/CMakeTmp/CheckSymbolExists.cxx:8:19: error: ‘Q_WS_MAC’ was not declared in this scope
   return ((int*)(&Q_WS_MAC))[argc];
                   ^
make[1]: *** [CMakeFiles/cmTryCompileExec2091452091.dir/CheckSymbolExists.cxx.o] Error 1
make[1]: Leaving directory `/home/thomio/codes/pcl/02_tutorial/build/CMakeFiles/CMakeTmp'
make: *** [cmTryCompileExec2091452091/fast] Error 2

File /home/thomio/codes/pcl/02_tutorial/build/CMakeFiles/CMakeTmp/CheckSymbolExists.cxx:
/* */
#include <QtCore/qglobal.h>

int main(int argc, char** argv)
{
  (void)argv;
#ifndef Q_WS_MAC
  return ((int*)(&Q_WS_MAC))[argc];
#else
  (void)argc;
  return 0;
#endif
}

